<?xml version="1.0" encoding="UTF-8"?>
<!-- Generated by org.testng.reporters.JUnitXMLReporter -->
<testsuite ignored="0" hostname="DESKTOP-RR4CVOF" failures="0" tests="5" name="Default test" time="0.064" errors="0" timestamp="2023-11-30T18:53:54 IST">
  <testcase classname="test.day3" name="mycarloan" time="0.007"/>
  <testcase classname="test.day3" name="myhomeloan" time="0.001"/>
  <testcase classname="test.day3" name="mymobileloan" time="0.001"/>
  <testcase classname="test.day3" name="mymobileloan" time="0.001"/>
  <testcase classname="test.day3" name="mymobileloan" time="0.001"/>
</testsuite> <!-- Default test -->
